# JRE version: OpenJDK Runtime Environment (11.0.8+10) (build 11.0.8+10-b944.6842174)
# Java VM: OpenJDK 64-Bit Server VM (11.0.8+10-b944.6842174, mixed mode, tiered, compressed oops, g1 gc, windows-amd64)
Heap:
 garbage-first heap   total 129024K, used 31980K [0x0000000080000000, 0x0000000100000000)
  region size 1024K, 15 young (15360K), 6 survivors (6144K)
 Metaspace       used 35743K, capacity 36509K, committed 36736K, reserved 1081344K
  class space    used 4642K, capacity 4909K, committed 4992K, reserved 1048576K
GC Heap History (10 events):
Event: 0.496 GC heap before
{Heap before GC invocations=0 (full 0):
 garbage-first heap   total 129024K, used 29696K [0x0000000080000000, 0x0000000100000000)
  region size 1024K, 24 young (24576K), 0 survivors (0K)
 Metaspace       used 10368K, capacity 10599K, committed 10624K, reserved 1058816K
  class space    used 1082K, capacity 1129K, committed 1152K, reserved 1048576K
}
Event: 0.501 GC heap after
{Heap after GC invocations=1 (full 0):
 garbage-first heap   total 129024K, used 8793K [0x0000000080000000, 0x0000000100000000)
  region size 1024K, 3 young (3072K), 3 survivors (3072K)
 Metaspace       used 10368K, capacity 10599K, committed 10624K, reserved 1058816K
  class space    used 1082K, capacity 1129K, committed 1152K, reserved 1048576K
}
Event: 1.291 GC heap before
{Heap before GC invocations=1 (full 0):
 garbage-first heap   total 129024K, used 81497K [0x0000000080000000, 0x0000000100000000)
  region size 1024K, 75 young (76800K), 3 survivors (3072K)
 Metaspace       used 18819K, capacity 19205K, committed 19328K, reserved 1067008K
  class space    used 2268K, capacity 2394K, committed 2432K, reserved 1048576K
}
Event: 1.300 GC heap after
{Heap after GC invocations=2 (full 0):
 garbage-first heap   total 129024K, used 15832K [0x0000000080000000, 0x0000000100000000)
  region size 1024K, 10 young (10240K), 10 survivors (10240K)
 Metaspace       used 18819K, capacity 19205K, committed 19328K, reserved 1067008K
  class space    used 2268K, capacity 2394K, committed 2432K, reserved 1048576K
}
Event: 1.406 GC heap before
{Heap before GC invocations=2 (full 0):
 garbage-first heap   total 129024K, used 29144K [0x0000000080000000, 0x0000000100000000)
  region size 1024K, 24 young (24576K), 10 survivors (10240K)
 Metaspace       used 20573K, capacity 21103K, committed 21248K, reserved 1067008K
  class space    used 2525K, capacity 2712K, committed 2816K, reserved 1048576K
}
Event: 1.410 GC heap after
{Heap after GC invocations=3 (full 0):
 garbage-first heap   total 129024K, used 16770K [0x0000000080000000, 0x0000000100000000)
  region size 1024K, 1 young (1024K), 1 survivors (1024K)
 Metaspace       used 20573K, capacity 21103K, committed 21248K, reserved 1067008K
  class space    used 2525K, capacity 2712K, committed 2816K, reserved 1048576K
}
Event: 1.878 GC heap before
{Heap before GC invocations=4 (full 0):
 garbage-first heap   total 129024K, used 64898K [0x0000000080000000, 0x0000000100000000)
  region size 1024K, 48 young (49152K), 1 survivors (1024K)
 Metaspace       used 26021K, capacity 26669K, committed 26752K, reserved 1073152K
  class space    used 3395K, capacity 3634K, committed 3712K, reserved 1048576K
}
Event: 1.880 GC heap after
{Heap after GC invocations=5 (full 0):
 garbage-first heap   total 129024K, used 18411K [0x0000000080000000, 0x0000000100000000)
  region size 1024K, 3 young (3072K), 3 survivors (3072K)
 Metaspace       used 26021K, capacity 26669K, committed 26752K, reserved 1073152K
  class space    used 3395K, capacity 3634K, committed 3712K, reserved 1048576K
}
Event: 2.882 GC heap before
{Heap before GC invocations=5 (full 0):
 garbage-first heap   total 129024K, used 68587K [0x0000000080000000, 0x0000000100000000)
  region size 1024K, 54 young (55296K), 3 survivors (3072K)
 Metaspace       used 35123K, capacity 35821K, committed 35840K, reserved 1081344K
  class space    used 4567K, capacity 4856K, committed 4864K, reserved 1048576K
}
Event: 2.893 GC heap after
{Heap after GC invocations=6 (full 0):
 garbage-first heap   total 129024K, used 21740K [0x0000000080000000, 0x0000000100000000)
  region size 1024K, 6 young (6144K), 6 survivors (6144K)
 Metaspace       used 35123K, capacity 35821K, committed 35840K, reserved 1081344K
  class space    used 4567K, capacity 4856K, committed 4864K, reserved 1048576K
}

