# JRE version: OpenJDK Runtime Environment (11.0.8+10) (build 11.0.8+10-b944.6842174)
# Java VM: OpenJDK 64-Bit Server VM (11.0.8+10-b944.6842174, mixed mode, tiered, compressed oops, g1 gc, windows-amd64)
Heap:
 garbage-first heap   total 270336K, used 198049K [0x0000000080000000, 0x0000000100000000)
  region size 1024K, 2 young (2048K), 2 survivors (2048K)
 Metaspace       used 116006K, capacity 119158K, committed 119460K, reserved 1153024K
  class space    used 14716K, capacity 15796K, committed 15912K, reserved 1048576K
GC Heap History (20 events):
Event: 17.745 GC heap after
{Heap after GC invocations=33 (full 0):
 garbage-first heap   total 225280K, used 118784K [0x0000000080000000, 0x0000000100000000)
  region size 1024K, 7 young (7168K), 7 survivors (7168K)
 Metaspace       used 112225K, capacity 115235K, committed 115492K, reserved 1148928K
  class space    used 14112K, capacity 15156K, committed 15272K, reserved 1048576K
}
Event: 17.938 GC heap before
{Heap before GC invocations=34 (full 0):
 garbage-first heap   total 225280K, used 141312K [0x0000000080000000, 0x0000000100000000)
  region size 1024K, 25 young (25600K), 7 survivors (7168K)
 Metaspace       used 112242K, capacity 115235K, committed 115492K, reserved 1148928K
  class space    used 14114K, capacity 15156K, committed 15272K, reserved 1048576K
}
Event: 17.951 GC heap after
{Heap after GC invocations=35 (full 0):
 garbage-first heap   total 225280K, used 128827K [0x0000000080000000, 0x0000000100000000)
  region size 1024K, 7 young (7168K), 7 survivors (7168K)
 Metaspace       used 112242K, capacity 115235K, committed 115492K, reserved 1148928K
  class space    used 14114K, capacity 15156K, committed 15272K, reserved 1048576K
}
Event: 18.093 GC heap before
{Heap before GC invocations=36 (full 0):
 garbage-first heap   total 225280K, used 163643K [0x0000000080000000, 0x0000000100000000)
  region size 1024K, 30 young (30720K), 7 survivors (7168K)
 Metaspace       used 112765K, capacity 115762K, committed 116004K, reserved 1150976K
  class space    used 14193K, capacity 15225K, committed 15272K, reserved 1048576K
}
Event: 18.101 GC heap after
{Heap after GC invocations=37 (full 0):
 garbage-first heap   total 225280K, used 141072K [0x0000000080000000, 0x0000000100000000)
  region size 1024K, 6 young (6144K), 6 survivors (6144K)
 Metaspace       used 112765K, capacity 115762K, committed 116004K, reserved 1150976K
  class space    used 14193K, capacity 15225K, committed 15272K, reserved 1048576K
}
Event: 18.277 GC heap before
{Heap before GC invocations=38 (full 0):
 garbage-first heap   total 225280K, used 178960K [0x0000000080000000, 0x0000000100000000)
  region size 1024K, 42 young (43008K), 6 survivors (6144K)
 Metaspace       used 113047K, capacity 116059K, committed 116260K, reserved 1150976K
  class space    used 14224K, capacity 15259K, committed 15272K, reserved 1048576K
}
Event: 18.285 GC heap after
{Heap after GC invocations=39 (full 0):
 garbage-first heap   total 225280K, used 151642K [0x0000000080000000, 0x0000000100000000)
  region size 1024K, 6 young (6144K), 6 survivors (6144K)
 Metaspace       used 113047K, capacity 116059K, committed 116260K, reserved 1150976K
  class space    used 14224K, capacity 15259K, committed 15272K, reserved 1048576K
}
Event: 18.378 GC heap before
{Heap before GC invocations=39 (full 0):
 garbage-first heap   total 225280K, used 177242K [0x0000000080000000, 0x0000000100000000)
  region size 1024K, 33 young (33792K), 6 survivors (6144K)
 Metaspace       used 113437K, capacity 116493K, committed 116644K, reserved 1150976K
  class space    used 14259K, capacity 15294K, committed 15400K, reserved 1048576K
}
Event: 18.394 GC heap after
{Heap after GC invocations=40 (full 0):
 garbage-first heap   total 225280K, used 159514K [0x0000000080000000, 0x0000000100000000)
  region size 1024K, 5 young (5120K), 5 survivors (5120K)
 Metaspace       used 113437K, capacity 116493K, committed 116644K, reserved 1150976K
  class space    used 14259K, capacity 15294K, committed 15400K, reserved 1048576K
}
Event: 18.671 GC heap before
{Heap before GC invocations=41 (full 0):
 garbage-first heap   total 225280K, used 185114K [0x0000000080000000, 0x0000000100000000)
  region size 1024K, 30 young (30720K), 5 survivors (5120K)
 Metaspace       used 115713K, capacity 118856K, committed 119076K, reserved 1153024K
  class space    used 14707K, capacity 15764K, committed 15784K, reserved 1048576K
}
Event: 18.681 GC heap after
{Heap after GC invocations=42 (full 0):
 garbage-first heap   total 225280K, used 166222K [0x0000000080000000, 0x0000000100000000)
  region size 1024K, 4 young (4096K), 4 survivors (4096K)
 Metaspace       used 115713K, capacity 118856K, committed 119076K, reserved 1153024K
  class space    used 14707K, capacity 15764K, committed 15784K, reserved 1048576K
}
Event: 18.715 GC heap before
{Heap before GC invocations=42 (full 0):
 garbage-first heap   total 225280K, used 173390K [0x0000000080000000, 0x0000000100000000)
  region size 1024K, 11 young (11264K), 4 survivors (4096K)
 Metaspace       used 115796K, capacity 118929K, committed 119076K, reserved 1153024K
  class space    used 14707K, capacity 15764K, committed 15784K, reserved 1048576K
}
Event: 18.723 GC heap after
{Heap after GC invocations=43 (full 0):
 garbage-first heap   total 225280K, used 168960K [0x0000000080000000, 0x0000000100000000)
  region size 1024K, 2 young (2048K), 2 survivors (2048K)
 Metaspace       used 115796K, capacity 118929K, committed 119076K, reserved 1153024K
  class space    used 14707K, capacity 15764K, committed 15784K, reserved 1048576K
}
Event: 18.774 GC heap before
{Heap before GC invocations=43 (full 0):
 garbage-first heap   total 225280K, used 188416K [0x0000000080000000, 0x0000000100000000)
  region size 1024K, 21 young (21504K), 2 survivors (2048K)
 Metaspace       used 115850K, capacity 118995K, committed 119076K, reserved 1153024K
  class space    used 14707K, capacity 15764K, committed 15784K, reserved 1048576K
}
Event: 18.783 GC heap after
{Heap after GC invocations=44 (full 0):
 garbage-first heap   total 225280K, used 180127K [0x0000000080000000, 0x0000000100000000)
  region size 1024K, 3 young (3072K), 3 survivors (3072K)
 Metaspace       used 115850K, capacity 118995K, committed 119076K, reserved 1153024K
  class space    used 14707K, capacity 15764K, committed 15784K, reserved 1048576K
}
Event: 18.820 GC heap before
{Heap before GC invocations=44 (full 0):
 garbage-first heap   total 225280K, used 191391K [0x0000000080000000, 0x0000000100000000)
  region size 1024K, 14 young (14336K), 3 survivors (3072K)
 Metaspace       used 115940K, capacity 119062K, committed 119332K, reserved 1153024K
  class space    used 14712K, capacity 15764K, committed 15784K, reserved 1048576K
}
Event: 18.826 GC heap after
{Heap after GC invocations=45 (full 0):
 garbage-first heap   total 225280K, used 186798K [0x0000000080000000, 0x0000000100000000)
  region size 1024K, 2 young (2048K), 2 survivors (2048K)
 Metaspace       used 115940K, capacity 119062K, committed 119332K, reserved 1153024K
  class space    used 14712K, capacity 15764K, committed 15784K, reserved 1048576K
}
Event: 18.854 GC heap before
{Heap before GC invocations=45 (full 0):
 garbage-first heap   total 225280K, used 196014K [0x0000000080000000, 0x0000000100000000)
  region size 1024K, 11 young (11264K), 2 survivors (2048K)
 Metaspace       used 115945K, capacity 119062K, committed 119332K, reserved 1153024K
  class space    used 14712K, capacity 15764K, committed 15784K, reserved 1048576K
}
Event: 18.859 GC heap after
{Heap after GC invocations=46 (full 0):
 garbage-first heap   total 225280K, used 192512K [0x0000000080000000, 0x0000000100000000)
  region size 1024K, 2 young (2048K), 2 survivors (2048K)
 Metaspace       used 115945K, capacity 119062K, committed 119332K, reserved 1153024K
  class space    used 14712K, capacity 15764K, committed 15784K, reserved 1048576K
}
Event: 18.891 GC heap before
{Heap before GC invocations=46 (full 0):
 garbage-first heap   total 225280K, used 200704K [0x0000000080000000, 0x0000000100000000)
  region size 1024K, 11 young (11264K), 2 survivors (2048K)
 Metaspace       used 116006K, capacity 119158K, committed 119460K, reserved 1153024K
  class space    used 14716K, capacity 15796K, committed 15912K, reserved 1048576K
}

