# JRE version: OpenJDK Runtime Environment (11.0.8+10) (build 11.0.8+10-b944.6842174)
# Java VM: OpenJDK 64-Bit Server VM (11.0.8+10-b944.6842174, mixed mode, tiered, compressed oops, g1 gc, windows-amd64)
Heap:
 garbage-first heap   total 129024K, used 33597K [0x0000000080000000, 0x0000000100000000)
  region size 1024K, 17 young (17408K), 6 survivors (6144K)
 Metaspace       used 36535K, capacity 37343K, committed 37580K, reserved 1081344K
  class space    used 4649K, capacity 4959K, committed 5068K, reserved 1048576K
GC Heap History (10 events):
Event: 0.498 GC heap before
{Heap before GC invocations=0 (full 0):
 garbage-first heap   total 129024K, used 29696K [0x0000000080000000, 0x0000000100000000)
  region size 1024K, 24 young (24576K), 0 survivors (0K)
 Metaspace       used 10368K, capacity 10659K, committed 10880K, reserved 1058816K
  class space    used 1082K, capacity 1129K, committed 1152K, reserved 1048576K
}
Event: 0.501 GC heap after
{Heap after GC invocations=1 (full 0):
 garbage-first heap   total 129024K, used 8685K [0x0000000080000000, 0x0000000100000000)
  region size 1024K, 3 young (3072K), 3 survivors (3072K)
 Metaspace       used 10368K, capacity 10659K, committed 10880K, reserved 1058816K
  class space    used 1082K, capacity 1129K, committed 1152K, reserved 1048576K
}
Event: 1.303 GC heap before
{Heap before GC invocations=1 (full 0):
 garbage-first heap   total 129024K, used 81389K [0x0000000080000000, 0x0000000100000000)
  region size 1024K, 75 young (76800K), 3 survivors (3072K)
 Metaspace       used 18828K, capacity 19265K, committed 19328K, reserved 1067008K
  class space    used 2268K, capacity 2394K, committed 2432K, reserved 1048576K
}
Event: 1.308 GC heap after
{Heap after GC invocations=2 (full 0):
 garbage-first heap   total 129024K, used 15516K [0x0000000080000000, 0x0000000100000000)
  region size 1024K, 10 young (10240K), 10 survivors (10240K)
 Metaspace       used 18828K, capacity 19265K, committed 19328K, reserved 1067008K
  class space    used 2268K, capacity 2394K, committed 2432K, reserved 1048576K
}
Event: 1.407 GC heap before
{Heap before GC invocations=2 (full 0):
 garbage-first heap   total 129024K, used 28828K [0x0000000080000000, 0x0000000100000000)
  region size 1024K, 24 young (24576K), 10 survivors (10240K)
 Metaspace       used 20580K, capacity 21099K, committed 21248K, reserved 1067008K
  class space    used 2526K, capacity 2712K, committed 2816K, reserved 1048576K
}
Event: 1.412 GC heap after
{Heap after GC invocations=3 (full 0):
 garbage-first heap   total 129024K, used 16402K [0x0000000080000000, 0x0000000100000000)
  region size 1024K, 1 young (1024K), 1 survivors (1024K)
 Metaspace       used 20580K, capacity 21099K, committed 21248K, reserved 1067008K
  class space    used 2526K, capacity 2712K, committed 2816K, reserved 1048576K
}
Event: 1.923 GC heap before
{Heap before GC invocations=4 (full 0):
 garbage-first heap   total 129024K, used 67602K [0x0000000080000000, 0x0000000100000000)
  region size 1024K, 51 young (52224K), 1 survivors (1024K)
 Metaspace       used 26291K, capacity 26953K, committed 27008K, reserved 1073152K
  class space    used 3443K, capacity 3666K, committed 3712K, reserved 1048576K
}
Event: 1.925 GC heap after
{Heap after GC invocations=5 (full 0):
 garbage-first heap   total 129024K, used 18053K [0x0000000080000000, 0x0000000100000000)
  region size 1024K, 3 young (3072K), 3 survivors (3072K)
 Metaspace       used 26291K, capacity 26953K, committed 27008K, reserved 1073152K
  class space    used 3443K, capacity 3666K, committed 3712K, reserved 1048576K
}
Event: 2.750 GC heap before
{Heap before GC invocations=5 (full 0):
 garbage-first heap   total 129024K, used 66181K [0x0000000080000000, 0x0000000100000000)
  region size 1024K, 51 young (52224K), 3 survivors (3072K)
 Metaspace       used 35034K, capacity 35775K, committed 35840K, reserved 1081344K
  class space    used 4559K, capacity 4822K, committed 4864K, reserved 1048576K
}
Event: 2.756 GC heap after
{Heap after GC invocations=6 (full 0):
 garbage-first heap   total 129024K, used 21309K [0x0000000080000000, 0x0000000100000000)
  region size 1024K, 6 young (6144K), 6 survivors (6144K)
 Metaspace       used 35034K, capacity 35775K, committed 35840K, reserved 1081344K
  class space    used 4559K, capacity 4822K, committed 4864K, reserved 1048576K
}

