# JRE version: OpenJDK Runtime Environment (11.0.8+10) (build 11.0.8+10-b944.6842174)
# Java VM: OpenJDK 64-Bit Server VM (11.0.8+10-b944.6842174, mixed mode, tiered, compressed oops, g1 gc, windows-amd64)
Heap:
 garbage-first heap   total 225280K, used 158334K [0x0000000080000000, 0x0000000100000000)
  region size 1024K, 47 young (48128K), 1 survivors (1024K)
 Metaspace       used 130250K, capacity 133585K, committed 133884K, reserved 1167360K
  class space    used 15804K, capacity 16932K, committed 17024K, reserved 1048576K
GC Heap History (20 events):
Event: 2380.383 GC heap before
{Heap before GC invocations=66 (full 0):
 garbage-first heap   total 187392K, used 121812K [0x0000000080000000, 0x0000000100000000)
  region size 1024K, 9 young (9216K), 6 survivors (6144K)
 Metaspace       used 120897K, capacity 123921K, committed 124540K, reserved 1157120K
  class space    used 14824K, capacity 15856K, committed 16128K, reserved 1048576K
}
Event: 2380.386 GC heap after
{Heap after GC invocations=67 (full 0):
 garbage-first heap   total 187392K, used 118891K [0x0000000080000000, 0x0000000100000000)
  region size 1024K, 1 young (1024K), 1 survivors (1024K)
 Metaspace       used 120897K, capacity 123921K, committed 124540K, reserved 1157120K
  class space    used 14824K, capacity 15856K, committed 16128K, reserved 1048576K
}
Event: 2380.525 GC heap before
{Heap before GC invocations=67 (full 0):
 garbage-first heap   total 187392K, used 135275K [0x0000000080000000, 0x0000000100000000)
  region size 1024K, 18 young (18432K), 1 survivors (1024K)
 Metaspace       used 121387K, capacity 124526K, committed 125052K, reserved 1159168K
  class space    used 14870K, capacity 15910K, committed 16128K, reserved 1048576K
}
Event: 2380.529 GC heap after
{Heap after GC invocations=68 (full 0):
 garbage-first heap   total 187392K, used 119601K [0x0000000080000000, 0x0000000100000000)
  region size 1024K, 2 young (2048K), 2 survivors (2048K)
 Metaspace       used 121387K, capacity 124526K, committed 125052K, reserved 1159168K
  class space    used 14870K, capacity 15910K, committed 16128K, reserved 1048576K
}
Event: 2380.835 GC heap before
{Heap before GC invocations=69 (full 0):
 garbage-first heap   total 187392K, used 164657K [0x0000000080000000, 0x0000000100000000)
  region size 1024K, 36 young (36864K), 2 survivors (2048K)
 Metaspace       used 121927K, capacity 125061K, committed 125564K, reserved 1159168K
  class space    used 14904K, capacity 15953K, committed 16128K, reserved 1048576K
}
Event: 2380.839 GC heap after
{Heap after GC invocations=70 (full 0):
 garbage-first heap   total 187392K, used 121811K [0x0000000080000000, 0x0000000100000000)
  region size 1024K, 4 young (4096K), 4 survivors (4096K)
 Metaspace       used 121927K, capacity 125061K, committed 125564K, reserved 1159168K
  class space    used 14904K, capacity 15953K, committed 16128K, reserved 1048576K
}
Event: 2380.876 GC heap before
{Heap before GC invocations=70 (full 0):
 garbage-first heap   total 187392K, used 125907K [0x0000000080000000, 0x0000000100000000)
  region size 1024K, 9 young (9216K), 4 survivors (4096K)
 Metaspace       used 122737K, capacity 125864K, committed 126332K, reserved 1159168K
  class space    used 14970K, capacity 15986K, committed 16128K, reserved 1048576K
}
Event: 2380.879 GC heap after
{Heap after GC invocations=71 (full 0):
 garbage-first heap   total 187392K, used 121958K [0x0000000080000000, 0x0000000100000000)
  region size 1024K, 1 young (1024K), 1 survivors (1024K)
 Metaspace       used 122737K, capacity 125864K, committed 126332K, reserved 1159168K
  class space    used 14970K, capacity 15986K, committed 16128K, reserved 1048576K
}
Event: 2381.027 GC heap before
{Heap before GC invocations=71 (full 0):
 garbage-first heap   total 187392K, used 154726K [0x0000000080000000, 0x0000000100000000)
  region size 1024K, 34 young (34816K), 1 survivors (1024K)
 Metaspace       used 124742K, capacity 127880K, committed 128380K, reserved 1161216K
  class space    used 15125K, capacity 16146K, committed 16384K, reserved 1048576K
}
Event: 2381.031 GC heap after
{Heap after GC invocations=72 (full 0):
 garbage-first heap   total 187392K, used 125002K [0x0000000080000000, 0x0000000100000000)
  region size 1024K, 4 young (4096K), 4 survivors (4096K)
 Metaspace       used 124742K, capacity 127880K, committed 128380K, reserved 1161216K
  class space    used 15125K, capacity 16146K, committed 16384K, reserved 1048576K
}
Event: 2381.188 GC heap before
{Heap before GC invocations=73 (full 0):
 garbage-first heap   total 187392K, used 149363K [0x0000000080000000, 0x0000000100000000)
  region size 1024K, 35 young (35840K), 4 survivors (4096K)
 Metaspace       used 125798K, capacity 128949K, committed 129404K, reserved 1163264K
  class space    used 15204K, capacity 16245K, committed 16384K, reserved 1048576K
}
Event: 2381.190 GC heap after
{Heap after GC invocations=74 (full 0):
 garbage-first heap   total 187392K, used 115768K [0x0000000080000000, 0x0000000100000000)
  region size 1024K, 1 young (1024K), 1 survivors (1024K)
 Metaspace       used 125798K, capacity 128949K, committed 129404K, reserved 1163264K
  class space    used 15204K, capacity 16245K, committed 16384K, reserved 1048576K
}
Event: 2381.242 GC heap before
{Heap before GC invocations=74 (full 0):
 garbage-first heap   total 187392K, used 122936K [0x0000000080000000, 0x0000000100000000)
  region size 1024K, 9 young (9216K), 1 survivors (1024K)
 Metaspace       used 126143K, capacity 129316K, committed 129788K, reserved 1163264K
  class space    used 15253K, capacity 16282K, committed 16512K, reserved 1048576K
}
Event: 2381.245 GC heap after
{Heap after GC invocations=75 (full 0):
 garbage-first heap   total 187392K, used 108870K [0x0000000080000000, 0x0000000100000000)
  region size 1024K, 1 young (1024K), 1 survivors (1024K)
 Metaspace       used 126143K, capacity 129316K, committed 129788K, reserved 1163264K
  class space    used 15253K, capacity 16282K, committed 16512K, reserved 1048576K
}
Event: 2381.670 GC heap before
{Heap before GC invocations=75 (full 0):
 garbage-first heap   total 187392K, used 150854K [0x0000000080000000, 0x0000000100000000)
  region size 1024K, 43 young (44032K), 1 survivors (1024K)
 Metaspace       used 126869K, capacity 130085K, committed 130428K, reserved 1163264K
  class space    used 15327K, capacity 16427K, committed 16640K, reserved 1048576K
}
Event: 2381.675 GC heap after
{Heap after GC invocations=76 (full 0):
 garbage-first heap   total 187392K, used 111230K [0x0000000080000000, 0x0000000100000000)
  region size 1024K, 4 young (4096K), 4 survivors (4096K)
 Metaspace       used 126869K, capacity 130085K, committed 130428K, reserved 1163264K
  class space    used 15327K, capacity 16427K, committed 16640K, reserved 1048576K
}
Event: 2381.964 GC heap before
{Heap before GC invocations=77 (full 0):
 garbage-first heap   total 187392K, used 152190K [0x0000000080000000, 0x0000000100000000)
  region size 1024K, 45 young (46080K), 4 survivors (4096K)
 Metaspace       used 127000K, capacity 130241K, committed 130684K, reserved 1163264K
  class space    used 15341K, capacity 16434K, committed 16640K, reserved 1048576K
}
Event: 2381.972 GC heap after
{Heap after GC invocations=78 (full 0):
 garbage-first heap   total 225280K, used 112805K [0x0000000080000000, 0x0000000100000000)
  region size 1024K, 5 young (5120K), 5 survivors (5120K)
 Metaspace       used 127000K, capacity 130241K, committed 130684K, reserved 1163264K
  class space    used 15341K, capacity 16434K, committed 16640K, reserved 1048576K
}
Event: 2382.011 GC heap before
{Heap before GC invocations=78 (full 0):
 garbage-first heap   total 225280K, used 117925K [0x0000000080000000, 0x0000000100000000)
  region size 1024K, 11 young (11264K), 5 survivors (5120K)
 Metaspace       used 127168K, capacity 130348K, committed 130684K, reserved 1163264K
  class space    used 15363K, capacity 16447K, committed 16640K, reserved 1048576K
}
Event: 2382.015 GC heap after
{Heap after GC invocations=79 (full 0):
 garbage-first heap   total 225280K, used 113278K [0x0000000080000000, 0x0000000100000000)
  region size 1024K, 1 young (1024K), 1 survivors (1024K)
 Metaspace       used 127168K, capacity 130348K, committed 130684K, reserved 1163264K
  class space    used 15363K, capacity 16447K, committed 16640K, reserved 1048576K
}

